#
# A fatal error has been detected by the Java Runtime Environment:
#
#  Internal Error (javaClasses.cpp:126), pid=35668, tid=73308
#  fatal error: Invalid layout of preloaded class
#
# JRE version:  (8.0_31-b13) (build )
# Java VM: Java HotSpot(TM) 64-Bit Server VM (25.31-b07 mixed mode windows-amd64 compressed oops)
# Failed to write core dump. Minidumps are not enabled by default on client versions of Windows
#
# If you would like to submit a bug report, please visit:
#   http://bugreport.java.com/bugreport/crash.jsp
#

---------------  T H R E A D  ---------------

Current thread (0x0000000002740800):  JavaThread "Unknown thread" [_thread_in_vm, id=73308, stack(0x0000000000c10000,0x0000000000d10000)]

Stack: [0x0000000000c10000,0x0000000000d10000]
Native frames: (J=compiled Java code, j=interpreted, Vv=VM code, C=native code)
V  [jvm.dll+0x3169ba]
V  [jvm.dll+0x2674c3]
V  [jvm.dll+0x268103]
V  [jvm.dll+0x25f876]
V  [jvm.dll+0x5e443]
V  [jvm.dll+0x5e533]
V  [jvm.dll+0x72e9a]
V  [jvm.dll+0x73208]
V  [jvm.dll+0xe4997]
V  [jvm.dll+0xe4d26]
V  [jvm.dll+0x1fa057]
V  [jvm.dll+0x22b694]
V  [jvm.dll+0x14d8c1]
C  [javaw.exe+0x20c6]
C  [javaw.exe+0xc9eb]
C  [javaw.exe+0xca7f]
C  [KERNEL32.DLL+0x13d2]
C  [ntdll.dll+0x154e4]


---------------  P R O C E S S  ---------------

Java Threads: ( => current thread )

Other Threads:

=>0x0000000002740800 (exited) JavaThread "Unknown thread" [_thread_in_vm, id=73308, stack(0x0000000000c10000,0x0000000000d10000)]

VM state:not at safepoint (not fully initialized)

VM Mutex/Monitor currently owned by a thread: None

GC Heap History (0 events):
No events

Deoptimization events (0 events):
No events

Internal exceptions (0 events):
No events

Events (10 events):
Event: 0.018 loading class java/lang/CharSequence done
Event: 0.018 loading class java/lang/String done
Event: 0.018 loading class java/lang/Class
Event: 0.018 loading class java/lang/reflect/AnnotatedElement
Event: 0.018 loading class java/lang/reflect/AnnotatedElement done
Event: 0.018 loading class java/lang/reflect/GenericDeclaration
Event: 0.018 loading class java/lang/reflect/GenericDeclaration done
Event: 0.018 loading class java/lang/reflect/Type
Event: 0.018 loading class java/lang/reflect/Type done
Event: 0.018 loading class java/lang/Class done


Dynamic libraries:
0x00007ff6ae2b0000 - 0x00007ff6ae2e4000 	D:\eclipse\jre\bin\javaw.exe
0x00007ffa0fd70000 - 0x00007ffa0ff1d000 	C:\WINDOWS\SYSTEM32\ntdll.dll
0x00007ffa0d460000 - 0x00007ffa0d59e000 	C:\WINDOWS\system32\KERNEL32.DLL
0x00007ffa0d1c0000 - 0x00007ffa0d2d5000 	C:\WINDOWS\system32\KERNELBASE.dll
0x00007ffa0ba80000 - 0x00007ffa0bb0e000 	C:\WINDOWS\system32\apphelp.dll
0x00007ffa005d0000 - 0x00007ffa00623000 	C:\WINDOWS\AppPatch\AppPatch64\AcGenral.DLL
0x00007ffa0f0c0000 - 0x00007ffa0f16a000 	C:\WINDOWS\system32\msvcrt.dll
0x00007ffa0cb70000 - 0x00007ffa0cb9e000 	C:\WINDOWS\SYSTEM32\SspiCli.dll
0x00007ffa0eee0000 - 0x00007ffa0ef34000 	C:\WINDOWS\system32\SHLWAPI.dll
0x00007ffa0ef40000 - 0x00007ffa0f0b7000 	C:\WINDOWS\system32\USER32.dll
0x00007ffa0f7d0000 - 0x00007ffa0f964000 	C:\WINDOWS\system32\ole32.dll
0x00007ffa0d7c0000 - 0x00007ffa0eceb000 	C:\WINDOWS\system32\SHELL32.dll
0x00007ffa0c460000 - 0x00007ffa0c481000 	C:\WINDOWS\SYSTEM32\USERENV.dll
0x00007ffa0f470000 - 0x00007ffa0f51a000 	C:\WINDOWS\system32\ADVAPI32.dll
0x00007ffa01100000 - 0x00007ffa0111e000 	C:\WINDOWS\SYSTEM32\MPR.dll
0x00007ffa0f170000 - 0x00007ffa0f2b1000 	C:\WINDOWS\system32\RPCRT4.dll
0x00007ffa0d400000 - 0x00007ffa0d459000 	C:\WINDOWS\SYSTEM32\sechost.dll
0x00007ffa0d5a0000 - 0x00007ffa0d7b1000 	C:\WINDOWS\SYSTEM32\combase.dll
0x00007ffa0f320000 - 0x00007ffa0f470000 	C:\WINDOWS\system32\GDI32.dll
0x00007ffa0cec0000 - 0x00007ffa0ced5000 	C:\WINDOWS\SYSTEM32\profapi.dll
0x00007ffa0b470000 - 0x00007ffa0b522000 	C:\WINDOWS\SYSTEM32\SHCORE.dll
0x00007ffa0f790000 - 0x00007ffa0f7c6000 	C:\WINDOWS\system32\IMM32.DLL
0x00007ffa0f970000 - 0x00007ffa0fac2000 	C:\WINDOWS\system32\MSCTF.dll
0x00007ffa0ade0000 - 0x00007ffa0b05a000 	C:\WINDOWS\WinSxS\amd64_microsoft.windows.common-controls_6595b64144ccf1df_6.0.9600.17810_none_6240b9c7ecbd0bda\COMCTL32.dll
0x000000006eaa0000 - 0x000000006eb72000 	D:\eclipse\jre\bin\msvcr100.dll
0x000000006b6e0000 - 0x000000006bf3a000 	D:\eclipse\jre\bin\server\jvm.dll
0x00007ffa05410000 - 0x00007ffa05419000 	C:\WINDOWS\SYSTEM32\WSOCK32.dll
0x00007ffa09df0000 - 0x00007ffa09e12000 	C:\WINDOWS\SYSTEM32\WINMM.dll
0x00007ffa0d3f0000 - 0x00007ffa0d3f7000 	C:\WINDOWS\system32\PSAPI.DLL
0x00007ffa0f730000 - 0x00007ffa0f78a000 	C:\WINDOWS\system32\WS2_32.dll
0x00007ffa09db0000 - 0x00007ffa09dda000 	C:\WINDOWS\SYSTEM32\WINMMBASE.dll
0x00007ffa0fca0000 - 0x00007ffa0fca9000 	C:\WINDOWS\system32\NSI.dll
0x00007ffa0d170000 - 0x00007ffa0d1bf000 	C:\WINDOWS\SYSTEM32\cfgmgr32.dll
0x00007ffa0bcb0000 - 0x00007ffa0bcd8000 	C:\WINDOWS\SYSTEM32\DEVOBJ.dll
0x000000006ec50000 - 0x000000006ec5f000 	D:\eclipse\jre\bin\verify.dll
0x000000006ec20000 - 0x000000006ec48000 	D:\eclipse\jre\bin\java.dll
0x000000006ec00000 - 0x000000006ec16000 	D:\eclipse\jre\bin\zip.dll
0x00007ff9f55a0000 - 0x00007ff9f572a000 	C:\WINDOWS\SYSTEM32\dbghelp.dll

VM Arguments:
jvm_args: -Dfile.encoding=GBK -Xbootclasspath:D:\eclipse\platforms\android-23\android.jar 
java_command: com.yangyjRex.finalwork.stitcher.main
java_class_path (initial): D:\git\PosterScanner\bin\classes;D:\git\PosterScanner\libs\android-support-v4.jar;D:\eclipse\OpenCV-android-sdk\sdk\java\bin\opencv library - 3.1.0.jar
Launcher Type: SUN_STANDARD

Environment Variables:
JAVA_HOME=C:\Program Files\Java\jre1.8.0_65
PATH=D:/eclipse/jre/bin/server;D:/eclipse/jre/bin;D:/eclipse/jre/lib/amd64;C:\ProgramData\Oracle\Java\javapath;C:\Program Files (x86)\NVIDIA Corporation\PhysX\Common;C:\Program Files (x86)\Intel\iCLS Client\;C:\Program Files\Intel\iCLS Client\;C:\WINDOWS\system32;C:\WINDOWS;C:\WINDOWS\System32\Wbem;C:\WINDOWS\System32\WindowsPowerShell\v1.0\;C:\Program Files\Intel\Intel(R) Management Engine Components\DAL;C:\Program Files\Intel\Intel(R) Management Engine Components\IPT;C:\Program Files (x86)\Intel\Intel(R) Management Engine Components\DAL;C:\Program Files (x86)\Intel\Intel(R) Management Engine Components\IPT;D:\Panda3D-1.10.0-x64\python;D:\Panda3D-1.10.0-x64\python\Scripts;D:\Panda3D-1.10.0-x64\bin;D:\eclipse\platform-tools;C:\Program Files (x86)\Windows Kits\10\Windows Performance Toolkit\;D:\OpenCV\opencv\build\x64\vc12\bin;D:\OpenCV\opencv\build\x86\vc12\bin;D:\android-ndk-r10b;D:\maven-3.3.9\bin;;D:\eclipse;
USERNAME=ней▄
OS=Windows_NT
PROCESSOR_IDENTIFIER=Intel64 Family 6 Model 58 Stepping 9, GenuineIntel



---------------  S Y S T E M  ---------------

OS: Windows 8.1 , 64 bit Build 9600 

CPU:total 4 (2 cores per cpu, 2 threads per core) family 6 model 58 stepping 9, cmov, cx8, fxsr, mmx, sse, sse2, sse3, ssse3, sse4.1, sse4.2, popcnt, avx, aes, clmul, erms, ht, tsc, tscinvbit, tscinv

Memory: 4k page, physical 8334620k(4578500k free), swap 10136860k(4918664k free)

vm_info: Java HotSpot(TM) 64-Bit Server VM (25.31-b07) for windows-amd64 JRE (1.8.0_31-b13), built on Dec 17 2014 21:00:28 by "java_re" with MS VC++ 10.0 (VS2010)

time: Thu Apr 21 13:45:22 2016
elapsed time: 0 seconds (0d 0h 0m 0s)

